2017-01-27 19:41:08,678 [Worker-12] INFO  o.e.m.c.i.l.LifecycleMappingFactory - Using org.maven.ide.eclipse.wtp.WarLifecycleMapping lifecycle mapping for MavenProject: com.omni.dod:DODSample:0.0.1-SNAPSHOT @ D:\NewWorkSpace\dod\DODSample\pom.xml.
2017-01-27 19:41:11,584 [Worker-12] INFO  o.e.m.j.i.AbstractJavaProjectConfigurator - Adding source folder /DODSample/src/main/java
2017-01-27 19:41:11,585 [Worker-12] INFO  o.e.m.j.i.AbstractJavaProjectConfigurator - Adding resource folder /DODSample/src/main/resources
2017-01-27 19:41:11,587 [Worker-12] INFO  o.e.m.j.i.AbstractJavaProjectConfigurator - Adding source folder /DODSample/src/test/java
2017-01-27 19:41:16,233 [Worker-12] INFO  o.e.m.c.i.p.ProjectConfigurationManager - Imported and configured 1 project(s) in 11 sec
2017-01-27 19:41:18,633 [Worker-1] WARN  o.e.m.c.i.embedder.EclipseLogger - Using platform encoding (Cp1252 actually) to copy filtered resources, i.e. build is platform dependent!
2017-01-27 19:41:18,642 [Worker-1] INFO  o.e.m.c.i.embedder.EclipseLogger - Copying 0 resource
2017-01-27 19:41:18,644 [Worker-1] WARN  o.e.m.c.i.embedder.EclipseLogger - Using platform encoding (Cp1252 actually) to copy filtered resources, i.e. build is platform dependent!
2017-01-27 19:41:18,645 [Worker-1] INFO  o.e.m.c.i.embedder.EclipseLogger - skip non existing resourceDirectory D:\NewWorkSpace\dod\DODSample\src\test\resources
2017-01-27 19:42:00,407 [Worker-4] WARN  o.e.m.c.i.embedder.EclipseLogger - Using platform encoding (Cp1252 actually) to copy filtered resources, i.e. build is platform dependent!
2017-01-27 19:42:00,410 [Worker-4] INFO  o.e.m.c.i.embedder.EclipseLogger - Copying 0 resource
2017-01-27 19:42:00,416 [Worker-4] WARN  o.e.m.c.i.embedder.EclipseLogger - Using platform encoding (Cp1252 actually) to copy filtered resources, i.e. build is platform dependent!
2017-01-27 19:42:00,420 [Worker-4] INFO  o.e.m.c.i.embedder.EclipseLogger - skip non existing resourceDirectory D:\NewWorkSpace\dod\DODSample\src\test\resources
2017-01-27 19:42:07,426 [Worker-9] INFO  o.e.m.i.launch.MavenLaunchDelegate - D:\NewWorkSpace\dod\DODSample
2017-01-27 19:42:07,426 [Worker-9] INFO  o.e.m.i.launch.MavenLaunchDelegate -  mvn  -B clean
2017-01-27 19:42:09,905 [Worker-11] WARN  o.e.m.c.i.embedder.EclipseLogger - Using platform encoding (Cp1252 actually) to copy filtered resources, i.e. build is platform dependent!
2017-01-27 19:42:09,908 [Worker-11] INFO  o.e.m.c.i.embedder.EclipseLogger - Copying 0 resource
2017-01-27 19:42:09,909 [Worker-11] WARN  o.e.m.c.i.embedder.EclipseLogger - Using platform encoding (Cp1252 actually) to copy filtered resources, i.e. build is platform dependent!
2017-01-27 19:42:09,910 [Worker-11] INFO  o.e.m.c.i.embedder.EclipseLogger - skip non existing resourceDirectory D:\NewWorkSpace\dod\DODSample\src\test\resources
2017-01-27 19:42:09,911 [Worker-11] INFO  o.e.m.w.i.f.ResourceFilteringBuildParticipant - Changed resources require a complete clean of filtered resources of DODSample
2017-01-27 19:42:09,912 [Worker-11] INFO  o.e.m.w.i.f.ResourceFilteringBuildParticipant - Executing resource filtering for DODSample
2017-01-27 19:42:09,923 [Worker-11] WARN  o.e.m.c.i.embedder.EclipseLogger - Using platform encoding (Cp1252 actually) to copy filtered resources, i.e. build is platform dependent!
2017-01-27 19:42:13,517 [main] INFO  o.e.m2e.actions.ExecutePomAction - Creating new launch configuration
2017-01-27 19:42:22,982 [Worker-18] INFO  o.e.m.i.launch.MavenLaunchDelegate - D:\NewWorkSpace\dod\DODSample
2017-01-27 19:42:22,983 [Worker-18] INFO  o.e.m.i.launch.MavenLaunchDelegate -  mvn  -B install
2017-01-27 19:42:26,136 [Worker-9] WARN  o.e.m.c.i.embedder.EclipseLogger - Using platform encoding (Cp1252 actually) to copy filtered resources, i.e. build is platform dependent!
2017-01-27 19:42:26,136 [Worker-9] INFO  o.e.m.c.i.embedder.EclipseLogger - Copying 0 resource
2017-01-27 19:42:26,137 [Worker-9] WARN  o.e.m.c.i.embedder.EclipseLogger - Using platform encoding (Cp1252 actually) to copy filtered resources, i.e. build is platform dependent!
2017-01-27 19:42:26,138 [Worker-9] INFO  o.e.m.c.i.embedder.EclipseLogger - skip non existing resourceDirectory D:\NewWorkSpace\dod\DODSample\src\test\resources
2017-01-27 19:42:41,930 [Worker-17] WARN  o.e.m.c.i.embedder.EclipseLogger - Using platform encoding (Cp1252 actually) to copy filtered resources, i.e. build is platform dependent!
2017-01-27 19:42:41,931 [Worker-17] INFO  o.e.m.c.i.embedder.EclipseLogger - Copying 0 resource
2017-01-27 19:42:41,933 [Worker-17] WARN  o.e.m.c.i.embedder.EclipseLogger - Using platform encoding (Cp1252 actually) to copy filtered resources, i.e. build is platform dependent!
2017-01-27 19:42:41,933 [Worker-17] INFO  o.e.m.c.i.embedder.EclipseLogger - skip non existing resourceDirectory D:\NewWorkSpace\dod\DODSample\src\test\resources
2017-01-27 19:42:47,794 [Worker-16] INFO  o.e.m.c.i.p.ProjectConfigurationManager - Update started
2017-01-27 19:42:48,387 [Worker-16] INFO  o.e.m.c.i.l.LifecycleMappingFactory - Using org.maven.ide.eclipse.wtp.WarLifecycleMapping lifecycle mapping for MavenProject: com.omni.dod:DODSample:0.0.1-SNAPSHOT @ D:\NewWorkSpace\dod\DODSample\pom.xml.
2017-01-27 19:42:49,775 [Worker-16] INFO  o.e.m.j.i.AbstractJavaProjectConfigurator - Adding source folder /DODSample/src/main/java
2017-01-27 19:42:49,775 [Worker-16] INFO  o.e.m.j.i.AbstractJavaProjectConfigurator - Adding resource folder /DODSample/src/main/resources
2017-01-27 19:42:49,776 [Worker-16] INFO  o.e.m.j.i.AbstractJavaProjectConfigurator - Adding source folder /DODSample/src/test/java
2017-01-27 19:42:51,110 [Worker-10] INFO  o.e.m.i.launch.MavenLaunchDelegate - D:\NewWorkSpace\dod\DODSample
2017-01-27 19:42:51,111 [Worker-10] INFO  o.e.m.i.launch.MavenLaunchDelegate -  mvn  -B clean
2017-01-27 19:42:52,750 [Worker-16] INFO  o.e.m.w.i.f.ResourceFilteringBuildParticipant - Cleaning filtered folder for DODSample
2017-01-27 19:42:52,759 [Worker-16] INFO  o.e.m.c.i.p.ProjectConfigurationManager - Update completed: 4 sec
2017-01-27 19:42:53,772 [Worker-0] WARN  o.e.m.c.i.embedder.EclipseLogger - Using platform encoding (Cp1252 actually) to copy filtered resources, i.e. build is platform dependent!
2017-01-27 19:42:53,774 [Worker-0] INFO  o.e.m.c.i.embedder.EclipseLogger - Copying 0 resource
2017-01-27 19:42:53,776 [Worker-0] WARN  o.e.m.c.i.embedder.EclipseLogger - Using platform encoding (Cp1252 actually) to copy filtered resources, i.e. build is platform dependent!
2017-01-27 19:42:53,777 [Worker-0] INFO  o.e.m.c.i.embedder.EclipseLogger - skip non existing resourceDirectory D:\NewWorkSpace\dod\DODSample\src\test\resources
2017-01-27 19:42:53,777 [Worker-0] INFO  o.e.m.w.i.f.ResourceFilteringBuildParticipant - Changed resources require a complete clean of filtered resources of DODSample
2017-01-27 19:42:53,778 [Worker-0] INFO  o.e.m.w.i.f.ResourceFilteringBuildParticipant - Executing resource filtering for DODSample
2017-01-27 19:42:53,844 [Worker-0] WARN  o.e.m.c.i.embedder.EclipseLogger - Using platform encoding (Cp1252 actually) to copy filtered resources, i.e. build is platform dependent!
2017-01-27 19:42:54,942 [Worker-17] WARN  o.e.m.c.i.embedder.EclipseLogger - Using platform encoding (Cp1252 actually) to copy filtered resources, i.e. build is platform dependent!
2017-01-27 19:42:54,945 [Worker-17] INFO  o.e.m.c.i.embedder.EclipseLogger - Copying 0 resource
2017-01-27 19:42:54,946 [Worker-17] WARN  o.e.m.c.i.embedder.EclipseLogger - Using platform encoding (Cp1252 actually) to copy filtered resources, i.e. build is platform dependent!
2017-01-27 19:42:54,947 [Worker-17] INFO  o.e.m.c.i.embedder.EclipseLogger - skip non existing resourceDirectory D:\NewWorkSpace\dod\DODSample\src\test\resources
2017-01-27 19:42:54,948 [Worker-17] INFO  o.e.m.w.i.f.ResourceFilteringBuildParticipant - Changed resources require a complete clean of filtered resources of DODSample
2017-01-27 19:42:54,948 [Worker-17] INFO  o.e.m.w.i.f.ResourceFilteringBuildParticipant - Executing resource filtering for DODSample
2017-01-27 19:42:54,951 [Worker-17] WARN  o.e.m.c.i.embedder.EclipseLogger - Using platform encoding (Cp1252 actually) to copy filtered resources, i.e. build is platform dependent!
2017-01-27 19:42:56,061 [Worker-0] INFO  o.e.m.i.launch.MavenLaunchDelegate - D:\NewWorkSpace\dod\DODSample
2017-01-27 19:42:56,061 [Worker-0] INFO  o.e.m.i.launch.MavenLaunchDelegate -  mvn  -B install
2017-01-27 19:42:59,116 [Worker-3] WARN  o.e.m.c.i.embedder.EclipseLogger - Using platform encoding (Cp1252 actually) to copy filtered resources, i.e. build is platform dependent!
2017-01-27 19:42:59,117 [Worker-3] INFO  o.e.m.c.i.embedder.EclipseLogger - Copying 0 resource
2017-01-27 19:42:59,118 [Worker-3] WARN  o.e.m.c.i.embedder.EclipseLogger - Using platform encoding (Cp1252 actually) to copy filtered resources, i.e. build is platform dependent!
2017-01-27 19:42:59,119 [Worker-3] INFO  o.e.m.c.i.embedder.EclipseLogger - skip non existing resourceDirectory D:\NewWorkSpace\dod\DODSample\src\test\resources
